<?xml version="1.0" encoding="utf-8"?><testsuites name="pytest tests"><testsuite name="pytest" errors="0" failures="0" skipped="0" tests="9" time="24.938" timestamp="2026-09-16T10:11:33.846376+00:00" hostname="agent-env-a63626f8-b30e-4722-b64e-69ff009a76b8"><testcase classname="tests.test_multiview_perf" name="test_sources_have_bandwidth_field_default_low" time="0.455" /><testcase classname="tests.test_multiview_perf" name="test_set_bandwidth_high_and_persist" time="0.552" /><testcase classname="tests.test_multiview_perf" name="test_set_bandwidth_invalid_value_400" time="0.133" /><testcase classname="tests.test_multiview_perf" name="test_set_bandwidth_unknown_source_404" time="0.115" /><testcase classname="tests.test_multiview_perf" name="test_two_concurrent_viewers_do_not_double_fps" time="6.207" /><testcase classname="tests.test_multiview_perf" name="test_mjpeg_returns_jpeg_frames" time="2.124" /><testcase classname="tests.test_multiview_perf" name="test_fps_drops_to_zero_when_no_viewers" time="9.365" /><testcase classname="tests.test_multiview_perf" name="test_program_out_start_stop_and_fps" time="5.221" /><testcase classname="tests.test_multiview_perf" name="test_layouts_crud_flow" time="0.711" /></testsuite></testsuites>