<?xml version="1.0" encoding="utf-8"?><testsuites name="pytest tests"><testsuite name="pytest" errors="0" failures="0" skipped="0" tests="18" time="82.329" timestamp="2026-09-16T10:35:46.528629+00:00" hostname="agent-env-a63626f8-b30e-4722-b64e-69ff009a76b8"><testcase classname="tests.test_disconnect_cleanup" name="test_fps_drops_after_short_stream[demo::0]" time="9.746" /><testcase classname="tests.test_disconnect_cleanup" name="test_fps_drops_after_short_stream[demo::1]" time="9.342" /><testcase classname="tests.test_disconnect_cleanup" name="test_fps_drops_after_short_stream[demo::4]" time="9.584" /><testcase classname="tests.test_disconnect_cleanup" name="test_two_concurrent_viewers_demo2_shared_then_zero" time="10.362" /><testcase classname="tests.test_disconnect_cleanup" name="test_program_out_starts_and_stops_and_sources_cleanup" time="10.207" /><testcase classname="tests.test_multiview_perf" name="test_sources_have_bandwidth_field_default_low" time="0.117" /><testcase classname="tests.test_multiview_perf" name="test_set_bandwidth_high_and_persist" time="0.765" /><testcase classname="tests.test_multiview_perf" name="test_set_bandwidth_invalid_value_400" time="0.141" /><testcase classname="tests.test_multiview_perf" name="test_set_bandwidth_unknown_source_404" time="0.118" /><testcase classname="tests.test_multiview_perf" name="test_two_concurrent_viewers_do_not_double_fps" time="6.219" /><testcase classname="tests.test_multiview_perf" name="test_mjpeg_returns_jpeg_frames" time="2.121" /><testcase classname="tests.test_multiview_perf" name="test_fps_drops_to_zero_when_no_viewers" time="9.529" /><testcase classname="tests.test_multiview_perf" name="test_program_out_start_stop_and_fps" time="5.161" /><testcase classname="tests.test_multiview_perf" name="test_layouts_crud_flow" time="0.969" /><testcase classname="tests.test_windows_asyncio_filter" name="test_config_endpoint_still_healthy" time="0.136" /><testcase classname="tests.test_windows_asyncio_filter" name="test_asyncio_logger_filter_drops_only_target_message" time="0.298" /><testcase classname="tests.test_windows_asyncio_filter" name="test_loop_exception_handler_swallows_connection_reset" time="0.001" /><testcase classname="tests.test_windows_asyncio_filter" name="test_rapid_open_close_cycles_leave_no_orphans" time="7.453" /></testsuite></testsuites>